[2025-07-01 17:06:11] Scraping is disabled in settings.
[2025-07-01 17:11:05] Scraping is disabled in settings.
[2025-07-01 17:11:42] Saved article: https://cafef.vn/ with ID: 1
[2025-07-01 17:12:42] Failed to rewrite article ID: 1
[2025-07-01 17:12:45] Saved article: http://liveboard.cafef.vn with ID: 2
[2025-07-01 17:12:50] Rewritten article ID: 2
[2025-07-01 17:12:50] Created post ID: 90 for article ID: 2
[2025-07-01 17:12:57] Failed to fetch article content: 
[2025-07-01 17:12:57] Failed to fetch content for: https://cafef.vn/du-lieu/danh-muc-dau-tu.chn
[2025-07-01 17:12:57] Saved article: https://cafef.vn/doc-nhanh.chn with ID: 3
[2025-07-01 17:12:59] Rewritten article ID: 3
[2025-07-01 17:12:59] Created post ID: 91 for article ID: 3
[2025-07-01 17:13:01] Article already exists: https://cafef.vn/
[2025-07-01 17:13:01] Saved article: https://cafef.vn/xa-hoi.chn with ID: 4
[2025-07-01 17:13:02] Rewritten article ID: 4
[2025-07-01 17:13:02] Created post ID: 92 for article ID: 4
[2025-07-01 17:13:04] Saved article: https://cafef.vn/thi-truong-chung-khoan.chn with ID: 5
[2025-07-01 17:13:09] Rewritten article ID: 5
[2025-07-01 17:13:09] Created post ID: 93 for article ID: 5
[2025-07-01 17:13:12] Saved article: https://cafef.vn/bat-dong-san.chn with ID: 6
[2025-07-01 17:13:18] Rewritten article ID: 6
[2025-07-01 17:13:18] Created post ID: 94 for article ID: 6
[2025-07-01 17:13:20] Saved article: https://cafef.vn/doanh-nghiep.chn with ID: 7
[2025-07-01 17:13:24] Rewritten article ID: 7
[2025-07-01 17:13:24] Created post ID: 95 for article ID: 7
[2025-07-01 17:13:26] Saved article: https://cafef.vn/tai-chinh-ngan-hang.chn with ID: 8
[2025-07-01 17:13:31] Rewritten article ID: 8
[2025-07-01 17:13:31] Created post ID: 96 for article ID: 8
[2025-07-01 17:13:34] Saved article: https://cafef.vn/smart-money.chn with ID: 9
[2025-07-01 17:14:34] Failed to rewrite article ID: 9
[2025-07-01 17:14:36] Saved article: https://cafef.vn/tai-chinh-quoc-te.chn with ID: 10
[2025-07-01 17:14:42] Rewritten article ID: 10
[2025-07-01 17:14:42] Created post ID: 97 for article ID: 10
[2025-07-01 17:14:44] Saved article: https://cafef.vn/vi-mo-dau-tu.chn with ID: 11
[2025-07-01 17:14:50] Rewritten article ID: 11
[2025-07-01 17:14:50] Created post ID: 98 for article ID: 11
[2025-07-01 17:14:53] Saved article: https://cafef.vn/kinh-te-so.chn with ID: 12
[2025-07-01 17:15:00] Rewritten article ID: 12
[2025-07-01 17:15:00] Created post ID: 99 for article ID: 12
[2025-07-01 17:15:02] Saved article: https://cafef.vn/thi-truong.chn with ID: 13
[2025-07-01 17:15:05] Rewritten article ID: 13
[2025-07-01 17:15:05] Created post ID: 100 for article ID: 13
[2025-07-01 17:15:08] Saved article: https://cafef.vn/song.chn with ID: 14
[2025-07-01 17:15:11] Rewritten article ID: 14
[2025-07-01 17:15:11] Created post ID: 113 for article ID: 14
[2025-07-01 17:15:13] Saved article: https://cafef.vn/lifestyle.chn with ID: 15
[2025-07-01 17:15:18] Rewritten article ID: 15
[2025-07-01 17:15:18] Created post ID: 114 for article ID: 15
[2025-07-01 17:15:20] Article already exists: https://cafef.vn/xa-hoi.chn
[2025-07-01 17:15:20] Article already exists: https://cafef.vn/doanh-nghiep.chn
[2025-07-01 17:15:20] Article already exists: https://cafef.vn/vi-mo-dau-tu.chn
[2025-07-01 17:15:20] Article already exists: https://cafef.vn/thi-truong-chung-khoan.chn
[2025-07-01 17:15:20] Article already exists: https://cafef.vn/tai-chinh-ngan-hang.chn
[2025-07-01 17:15:20] Article already exists: https://cafef.vn/tai-chinh-quoc-te.chn
[2025-07-01 17:15:20] Article already exists: https://cafef.vn/bat-dong-san.chn
[2025-07-01 17:15:20] Saved article: https://cafef.vn/du-an.chn with ID: 16
[2025-07-01 17:16:20] Failed to rewrite article ID: 16
[2025-07-01 17:16:22] Saved article: https://cafef.vn/ban-do-du-an.chn with ID: 17
[2025-07-01 17:16:29] Rewritten article ID: 17
[2025-07-01 17:16:29] Created post ID: 118 for article ID: 17
[2025-07-01 17:16:31] Saved article: https://cafef.vn/hang-hoa-nguyen-lieu.chn with ID: 18
[2025-07-01 17:16:33] Rewritten article ID: 18
[2025-07-01 17:16:33] Created post ID: 119 for article ID: 18
[2025-07-01 17:16:35] Article already exists: https://cafef.vn/song.chn
[2025-07-01 17:16:35] Article already exists: https://cafef.vn/lifestyle.chn
[2025-07-01 17:16:35] Saved article: https://cafef.vn/nhom-chu-de/emagazine.chn with ID: 19
[2025-07-01 17:16:38] Rewritten article ID: 19
[2025-07-01 17:16:38] Created post ID: 120 for article ID: 19
[2025-07-01 17:16:40] Saved article: https://cafef.vn/du-lieu.chn with ID: 20
[2025-07-01 17:16:46] Rewritten article ID: 20
[2025-07-01 17:16:46] Created post ID: 121 for article ID: 20
[2025-07-01 17:16:48] Saved article: https://cafef.vn/du-lieu/cafeflists.chn with ID: 21
[2025-07-01 17:16:54] Rewritten article ID: 21
[2025-07-01 17:16:54] Created post ID: 122 for article ID: 21
[2025-07-01 17:16:56] Article already exists: https://cafef.vn/thi-truong-chung-khoan.chn
[2025-07-01 17:16:56] Saved article: https://cafef.vn/chu-tich-tap-doan-xuan-thien-mua-cong-ty-chung-khoan-tham-vong-tang-von-len-20000-ty-hua-tra-luong-hap-dan-cho-moi-gioi-co-khach-hang-trung-thanh-188250701152945922.chn with ID: 22
[2025-07-01 17:17:07] Rewritten article ID: 22
[2025-07-01 17:17:07] Created post ID: 123 for article ID: 22
[2025-07-01 17:17:09] Article already exists: https://cafef.vn/chu-tich-tap-doan-xuan-thien-mua-cong-ty-chung-khoan-tham-vong-tang-von-len-20000-ty-hua-tra-luong-hap-dan-cho-moi-gioi-co-khach-hang-trung-thanh-188250701152945922.chn
[2025-07-01 17:17:09] Saved article: https://cafef.vn/vndirect-nang-du-phong-vn-index-len-1450-diem-chi-ra-cac-nhom-nganh-then-chot-188250630232151335.chn with ID: 23
[2025-07-01 17:17:21] Rewritten article ID: 23
[2025-07-01 17:17:21] Created post ID: 124 for article ID: 23
[2025-07-01 17:17:23] Article already exists: https://cafef.vn/vndirect-nang-du-phong-vn-index-len-1450-diem-chi-ra-cac-nhom-nganh-then-chot-188250630232151335.chn
[2025-07-01 17:17:23] Saved article: https://cafef.vn/trung-hop-thu-vi-vn-index-tang-109-diem-tu-dau-nam-dung-bang-so-diem-nhom-vingroup-dong-gop-188250630230856618.chn with ID: 24
[2025-07-01 17:17:34] Rewritten article ID: 24
[2025-07-01 17:17:34] Created post ID: 125 for article ID: 24
[2025-07-01 17:17:36] Article already exists: https://cafef.vn/trung-hop-thu-vi-vn-index-tang-109-diem-tu-dau-nam-dung-bang-so-diem-nhom-vingroup-dong-gop-188250630230856618.chn
[2025-07-01 17:17:37] Saved article: https://cafef.vn/chung-khoan-sap-don-loat-thong-tin-quan-trong-188250629175706604.chn with ID: 25
[2025-07-01 17:17:51] Rewritten article ID: 25
[2025-07-01 17:17:51] Created post ID: 126 for article ID: 25
[2025-07-01 17:17:54] Saved article: https://cafef.vn/lich-chot-quyen-co-tuc-30-6-4-7-co-tuc-tien-mat-cao-nhat-30-mot-ten-tuoi-chi-gan-4000-ty-dong-tra-co-tuc-188250628223736835.chn with ID: 26
[2025-07-01 17:18:03] Rewritten article ID: 26
[2025-07-01 17:18:03] Created post ID: 127 for article ID: 26
[2025-07-01 17:18:05] Saved article: https://cafef.vn/tu-ngay-1-7-nha-dau-tu-chung-khoan-se-chung-kien-mot-su-thay-doi-quan-trong-188250701000403576.chn with ID: 27
[2025-07-01 17:18:14] Rewritten article ID: 27
[2025-07-01 17:18:14] Created post ID: 128 for article ID: 27
[2025-07-01 17:18:16] Saved article: https://cafef.vn/khong-chi-nha-dau-tu-ca-nhan-loat-quy-ngoai-ten-tuoi-cung-thua-vn-index-188250629231345454.chn with ID: 28
[2025-07-01 17:18:29] Rewritten article ID: 28
[2025-07-01 17:18:29] Created post ID: 134 for article ID: 28
[2025-07-01 17:18:32] Saved article: https://cafef.vn/phien-30-6-khoi-ngoai-bat-ngo-tung-hon-500-ty-mua-rong-co-phieu-viet-nam-dau-la-tam-diem-188250630154144399.chn with ID: 29
[2025-07-01 17:19:32] Failed to rewrite article ID: 29
[2025-07-01 17:19:34] Saved article: https://cafef.vn/nhieu-cong-ty-chung-khoan-tang-phi-tu-ngay-mai-188250630172332632.chn with ID: 30
[2025-07-01 17:19:41] Rewritten article ID: 30
[2025-07-01 17:19:41] Created post ID: 135 for article ID: 30
[2025-07-01 17:19:43] Article already exists: https://cafef.vn/vndirect-nang-du-phong-vn-index-len-1450-diem-chi-ra-cac-nhom-nganh-then-chot-188250630232151335.chn
[2025-07-01 17:19:43] Saved article: https://cafef.vn/doanh-nhan-to-hai-vua-chi-tien-ty-gom-co-phieu-cua-1-doanh-nghiep-va-1-ngan-hang-18825063011232337.chn with ID: 31
[2025-07-01 17:19:53] Rewritten article ID: 31
[2025-07-01 17:19:53] Created post ID: 136 for article ID: 31
[2025-07-01 17:19:55] Saved article: https://cafef.vn/mot-co-phieu-bluehchips-bat-ngo-bi-tu-doanh-ctck-ban-rong-gan-800-ty-trong-phien-dau-thang-7-188250701165541659.chn with ID: 32
[2025-07-01 17:20:02] Rewritten article ID: 32
[2025-07-01 17:20:02] Created post ID: 137 for article ID: 32
[2025-07-01 17:20:04] Article already exists: https://cafef.vn/mot-co-phieu-bluehchips-bat-ngo-bi-tu-doanh-ctck-ban-rong-gan-800-ty-trong-phien-dau-thang-7-188250701165541659.chn
[2025-07-01 17:20:04] Saved article: https://cafef.vn/vn-index-thoat-hiem-ngoan-muc-nho-co-phieu-ngan-hang-ldg-tiep-da-thang-hoa-188250701154602381.chn with ID: 33
[2025-07-01 17:20:14] Rewritten article ID: 33
[2025-07-01 17:20:14] Created post ID: 138 for article ID: 33
[2025-07-01 17:20:16] Article already exists: https://cafef.vn/vn-index-thoat-hiem-ngoan-muc-nho-co-phieu-ngan-hang-ldg-tiep-da-thang-hoa-188250701154602381.chn
[2025-07-01 17:20:16] Saved article: https://cafef.vn/giam-doc-phan-tich-chung-khoan-vps-kinh-te-vi-mo-6-thang-cuoi-nam-se-tao-buoc-dem-cho-chu-ky-tang-truong-moi-nam-2026-188250701161437027.chn with ID: 34
[2025-07-01 17:20:42] Rewritten article ID: 34
[2025-07-01 17:20:42] Created post ID: 139 for article ID: 34
[2025-07-01 17:20:44] Article already exists: https://cafef.vn/giam-doc-phan-tich-chung-khoan-vps-kinh-te-vi-mo-6-thang-cuoi-nam-se-tao-buoc-dem-cho-chu-ky-tang-truong-moi-nam-2026-188250701161437027.chn
[2025-07-01 17:20:44] Saved article: https://cafef.vn/pgsts-vo-dinh-tri-cac-chinh-sach-moi-se-la-luc-day-lon-cho-nen-kinh-te-viet-nam-noi-chung-cung-nhu-thi-truong-chung-khoan-noi-rieng-188250701161218997.chn with ID: 35
[2025-07-01 17:20:55] Rewritten article ID: 35
[2025-07-01 17:20:55] Created post ID: 140 for article ID: 35
[2025-07-01 17:20:57] Article already exists: https://cafef.vn/pgsts-vo-dinh-tri-cac-chinh-sach-moi-se-la-luc-day-lon-cho-nen-kinh-te-viet-nam-noi-chung-cung-nhu-thi-truong-chung-khoan-noi-rieng-188250701161218997.chn
[2025-07-01 17:20:57] Saved article: https://cafef.vn/vingroup-chinh-thuc-khai-truong-cong-vien-va-vuon-thu-lon-nhat-mien-bac-giam-20-ve-vao-cua-trong-tuan-dau-tien-188250701155031656.chn with ID: 36
[2025-07-01 17:21:07] Rewritten article ID: 36
[2025-07-01 17:21:07] Created post ID: 141 for article ID: 36
[2025-07-01 17:21:09] Article already exists: https://cafef.vn/vingroup-chinh-thuc-khai-truong-cong-vien-va-vuon-thu-lon-nhat-mien-bac-giam-20-ve-vao-cua-trong-tuan-dau-tien-188250701155031656.chn
[2025-07-01 17:21:09] Saved article: https://cafef.vn/phien-1-7-khoi-ngoai-quay-dau-ban-rong-hai-co-phieu-bi-xa-dot-bien-hang-tram-ty-18825070115463159.chn with ID: 37
[2025-07-01 17:21:18] Rewritten article ID: 37
[2025-07-01 17:21:18] Created post ID: 142 for article ID: 37
[2025-07-01 17:21:20] Article already exists: https://cafef.vn/phien-1-7-khoi-ngoai-quay-dau-ban-rong-hai-co-phieu-bi-xa-dot-bien-hang-tram-ty-18825070115463159.chn
[2025-07-01 17:21:20] Saved article: https://cafef.vn/vietcap-trao-tang-6000-cay-tai-rung-phong-ho-dau-tieng-188250701153111308.chn with ID: 38
[2025-07-01 17:21:36] Rewritten article ID: 38
[2025-07-01 17:21:36] Created post ID: 143 for article ID: 38
[2025-07-01 17:21:38] Article already exists: https://cafef.vn/vietcap-trao-tang-6000-cay-tai-rung-phong-ho-dau-tieng-188250701153111308.chn
[2025-07-01 17:21:38] Article already exists: https://cafef.vn/hang-hoa-nguyen-lieu.chn
[2025-07-01 17:21:38] Saved article: https://cafef.vn/chung-khoan-dnse-co-tong-giam-doc-moi-188250701152808225.chn with ID: 39
[2025-07-01 17:21:49] Rewritten article ID: 39
[2025-07-01 17:21:49] Created post ID: 144 for article ID: 39
[2025-07-01 17:21:51] Article already exists: https://cafef.vn/chung-khoan-dnse-co-tong-giam-doc-moi-188250701152808225.chn
[2025-07-01 17:21:51] Saved article: https://cafef.vn/tai-dinh-gia-co-phieu-ngan-hang-tu-luat-hoa-nghi-quyet-42-188250701141718365.chn with ID: 40
[2025-07-01 17:22:09] Rewritten article ID: 40
[2025-07-01 17:22:09] Created post ID: 145 for article ID: 40
[2025-07-01 17:22:11] Article already exists: https://cafef.vn/tai-dinh-gia-co-phieu-ngan-hang-tu-luat-hoa-nghi-quyet-42-188250701141718365.chn
[2025-07-01 17:22:11] Saved article: https://cafef.vn/de-xuat-thu-thue-ngay-khi-nhan-co-tuc-bang-chung-khoan-du-chua-ban-188250701141517073.chn with ID: 41
[2025-07-01 17:22:21] Rewritten article ID: 41
[2025-07-01 17:22:21] Created post ID: 146 for article ID: 41
[2025-07-01 17:22:23] Article already exists: https://cafef.vn/de-xuat-thu-thue-ngay-khi-nhan-co-tuc-bang-chung-khoan-du-chua-ban-188250701141517073.chn
[2025-07-01 17:22:23] Saved article: https://cafef.vn/dot-co-cau-cua-bo-chi-so-chung-khoan-hang-dau-viet-nam-sap-dien-ra-co-phieu-nao-se-duoc-san-lung-nhieu-nhat-188250701113813342.chn with ID: 42
[2025-07-01 17:22:39] Rewritten article ID: 42
[2025-07-01 17:22:39] Created post ID: 147 for article ID: 42
[2025-07-01 17:22:41] Article already exists: https://cafef.vn/dot-co-cau-cua-bo-chi-so-chung-khoan-hang-dau-viet-nam-sap-dien-ra-co-phieu-nao-se-duoc-san-lung-nhieu-nhat-188250701113813342.chn
[2025-07-01 17:22:41] Saved article: https://cafef.vn/loat-phi-dich-vu-chung-khoan-tang-do-bi-ap-thue-vat-1882507011137086.chn with ID: 43
[2025-07-01 17:22:53] Rewritten article ID: 43
[2025-07-01 17:22:53] Created post ID: 148 for article ID: 43
[2025-07-01 17:22:55] Article already exists: https://cafef.vn/loat-phi-dich-vu-chung-khoan-tang-do-bi-ap-thue-vat-1882507011137086.chn
[2025-07-01 17:22:55] Saved article: https://cafef.vn/dai-gia-hang-khong-dau-dau-vi-ty-gia-nghin-ty-loi-nhuan-boc-hoi-trong-nua-dau-nam-188250701105419261.chn with ID: 44
[2025-07-01 17:23:05] Rewritten article ID: 44
[2025-07-01 17:23:05] Created post ID: 149 for article ID: 44
[2025-07-01 17:23:07] Article already exists: https://cafef.vn/dai-gia-hang-khong-dau-dau-vi-ty-gia-nghin-ty-loi-nhuan-boc-hoi-trong-nua-dau-nam-188250701105419261.chn
[2025-07-01 17:23:08] Saved article: https://cafef.vn/chung-khoan-viet-vi-pham-loat-quy-dinh-bi-xu-phat-hanh-chinh-gan-12-ty-dong-188250701101425044.chn with ID: 45
[2025-07-01 17:23:16] Rewritten article ID: 45
[2025-07-01 17:23:16] Created post ID: 150 for article ID: 45
[2025-07-01 17:23:18] Article already exists: https://cafef.vn/chung-khoan-viet-vi-pham-loat-quy-dinh-bi-xu-phat-hanh-chinh-gan-12-ty-dong-188250701101425044.chn
[2025-07-01 17:23:19] Saved article: https://cafef.vn/vinaconex-muon-chuyen-nhuong-51-von-chu-dau-tu-du-an-cat-ba-amatina-188250701101206138.chn with ID: 46
[2025-07-01 17:23:29] Rewritten article ID: 46
[2025-07-01 17:23:29] Created post ID: 151 for article ID: 46
[2025-07-01 17:23:31] Article already exists: https://cafef.vn/vinaconex-muon-chuyen-nhuong-51-von-chu-dau-tu-du-an-cat-ba-amatina-188250701101206138.chn
[2025-07-01 17:23:31] Saved article: https://cafef.vn/nhung-dau-moc-dang-nho-tren-hanh-trinh-25-nam-cua-thi-truong-chung-khoan-viet-nam-188250630221310127.chn with ID: 47
[2025-07-01 17:23:40] Rewritten article ID: 47
[2025-07-01 17:23:40] Created post ID: 152 for article ID: 47
[2025-07-01 17:23:42] Article already exists: https://cafef.vn/nhung-dau-moc-dang-nho-tren-hanh-trinh-25-nam-cua-thi-truong-chung-khoan-viet-nam-188250630221310127.chn
[2025-07-01 17:23:43] Saved article: https://cafef.vn/chung-khoan-25-nam-thoi-diem-vuon-minh.html with ID: 48
[2025-07-01 17:23:48] Rewritten article ID: 48
[2025-07-01 17:23:48] Created post ID: 153 for article ID: 48
[2025-07-01 17:23:50] Saved article: https://cafef.vn/lich-su-kien-va-tin-van-chung-khoan-ngay-1-7-2025-188250701000102603.chn with ID: 49
[2025-07-01 17:23:56] Rewritten article ID: 49
[2025-07-01 17:23:56] Created post ID: 154 for article ID: 49
[2025-07-01 17:23:58] Article already exists: https://cafef.vn/lich-su-kien-va-tin-van-chung-khoan-ngay-1-7-2025-188250701000102603.chn
[2025-07-01 17:23:58] Saved article: https://cafef.vn/mot-cong-ty-chung-khoan-bi-phat-tien-ty-voi-loat-loi-nghiem-trong-188250701001406519.chn with ID: 50
[2025-07-01 17:24:06] Rewritten article ID: 50
[2025-07-01 17:24:06] Created post ID: 155 for article ID: 50
[2025-07-01 17:24:08] Article already exists: https://cafef.vn/mot-cong-ty-chung-khoan-bi-phat-tien-ty-voi-loat-loi-nghiem-trong-188250701001406519.chn
[2025-07-01 17:24:08] Article already exists: https://cafef.vn/tu-ngay-1-7-nha-dau-tu-chung-khoan-se-chung-kien-mot-su-thay-doi-quan-trong-188250701000403576.chn
[2025-07-01 17:24:08] Article already exists: https://cafef.vn/tu-ngay-1-7-nha-dau-tu-chung-khoan-se-chung-kien-mot-su-thay-doi-quan-trong-188250701000403576.chn
[2025-07-01 17:24:08] Saved article: https://cafef.vn/chung-khoan-ngay-mai-1-7-vn-index-tiep-tuc-tang-diem-188250630214431569.chn with ID: 51
[2025-07-01 17:24:18] Rewritten article ID: 51
[2025-07-01 17:24:18] Created post ID: 156 for article ID: 51
[2025-07-01 17:24:20] Article already exists: https://cafef.vn/chung-khoan-ngay-mai-1-7-vn-index-tiep-tuc-tang-diem-188250630214431569.chn
[2025-07-01 17:24:20] Article already exists: https://cafef.vn/
[2025-07-01 17:24:20] Article already exists: https://cafef.vn/xa-hoi.chn
[2025-07-01 17:24:20] Article already exists: https://cafef.vn/thi-truong-chung-khoan.chn
[2025-07-01 17:24:20] Article already exists: https://cafef.vn/bat-dong-san.chn
[2025-07-01 17:24:20] Article already exists: https://cafef.vn/doanh-nghiep.chn
[2025-07-01 17:24:20] Article already exists: https://cafef.vn/tai-chinh-ngan-hang.chn
[2025-07-01 17:24:20] Article already exists: https://cafef.vn/tai-chinh-quoc-te.chn
[2025-07-01 17:24:20] Article already exists: https://cafef.vn/vi-mo-dau-tu.chn
[2025-07-01 17:24:20] Article already exists: https://cafef.vn/kinh-te-so.chn
[2025-07-01 17:24:20] Article already exists: https://cafef.vn/thi-truong.chn
[2025-07-01 17:24:20] Article already exists: https://cafef.vn/song.chn
[2025-07-01 17:24:20] Article already exists: https://cafef.vn/lifestyle.chn
[2025-07-01 17:24:20] Article already exists: https://cafef.vn/du-lieu.chn
[2025-07-01 17:24:20] Failed to fetch content for: https://cafef.vn/du-lieu/top/ceo.chn
[2025-07-01 17:24:20] Failed to fetch content for: https://cafef.vn/static/chinh-sach-bao-mat.html
